2022-04-05 18:54:11,839 - mmaction - INFO - Environment info:
------------------------------------------------------------
sys.platform: win32
Python: 3.7.9 (default, Aug 31 2020, 17:10:11) [MSC v.1916 64 bit (AMD64)]
CUDA available: True
GPU 0: NVIDIA GeForce GTX 1050
CUDA_HOME: C:\Program Files\NVIDIA GPU Computing Toolkit\CUDA\v10.1
NVCC: Not Available
GCC: n/a
PyTorch: 1.8.0+cu101
PyTorch compiling details: PyTorch built with:
  - C++ Version: 199711
  - MSVC 192829337
  - Intel(R) Math Kernel Library Version 2020.0.2 Product Build 20200624 for Intel(R) 64 architecture applications
  - Intel(R) MKL-DNN v1.7.0 (Git Hash 7aed236906b1f7a05c0917e5257a1af05e9ff683)
  - OpenMP 2019
  - CPU capability usage: AVX2
  - CUDA Runtime 10.1
  - NVCC architecture flags: -gencode;arch=compute_37,code=sm_37;-gencode;arch=compute_50,code=sm_50;-gencode;arch=compute_60,code=sm_60;-gencode;arch=compute_61,code=sm_61;-gencode;arch=compute_70,code=sm_70;-gencode;arch=compute_75,code=sm_75;-gencode;arch=compute_37,code=compute_37
  - CuDNN 7.6.4
  - Magma 2.5.4
  - Build settings: BLAS_INFO=mkl, BUILD_TYPE=Release, CUDA_VERSION=10.1, CUDNN_VERSION=7.6.4, CXX_COMPILER=C:/w/b/windows/tmp_bin/sccache-cl.exe, CXX_FLAGS=/DWIN32 /D_WINDOWS /GR /EHsc /w /bigobj -DUSE_PTHREADPOOL -openmp:experimental -DNDEBUG -DUSE_FBGEMM -DUSE_XNNPACK, LAPACK_INFO=mkl, PERF_WITH_AVX=1, PERF_WITH_AVX2=1, PERF_WITH_AVX512=1, TORCH_VERSION=1.8.0, USE_CUDA=ON, USE_CUDNN=ON, USE_EXCEPTION_PTR=1, USE_GFLAGS=OFF, USE_GLOG=OFF, USE_MKL=ON, USE_MKLDNN=ON, USE_MPI=OFF, USE_NCCL=OFF, USE_NNPACK=OFF, USE_OPENMP=ON, 

TorchVision: 0.9.0+cu101
OpenCV: 4.5.4
MMCV: 1.3.18
MMCV Compiler: n/a
MMCV CUDA Compiler: n/a
MMAction2: 0.20.0+f0c8b15
------------------------------------------------------------

2022-04-05 18:54:11,839 - mmaction - INFO - Distributed training: False
2022-04-05 18:54:11,980 - mmaction - INFO - Config: model = dict(
    type='Recognizer2D',
    backbone=dict(
        type='ResNet',
        pretrained='torchvision://resnet50',
        depth=50,
        norm_eval=False),
    cls_head=dict(
        type='TSNHead',
        num_classes=64,
        in_channels=2048,
        spatial_type='avg',
        consensus=dict(type='AvgConsensus', dim=1),
        dropout_ratio=0.4,
        init_std=0.01),
    train_cfg=None,
    test_cfg=dict(average_clips=None))
optimizer = dict(type='SGD', lr=0.1, momentum=0.9, weight_decay=0.0001)
optimizer_config = dict(grad_clip=dict(max_norm=40, norm_type=2))
lr_config = dict(policy='step', step=[150])
total_epochs = 140
checkpoint_config = dict(interval=1)
log_config = dict(interval=20, hooks=[dict(type='TextLoggerHook')])
dist_params = dict(backend='nccl')
log_level = 'INFO'
load_from = None
resume_from = 'C:/Users/honzi/mmaction2/checkpoints/tsn_r50_video_1x1x8_100e_lsa64_rgb_20200702-568cde33.pth'
workflow = [('train', 1), ('val', 1)]
dataset_type = 'VideoDataset'
data_root = 'C:/Users/honzi/mmaction2/data/lsa64/'
data_root_val = 'C:/Users/honzi/mmaction2/data/lsa64/'
ann_file_train = 'C:/Users/honzi/mmaction2/data/lsa64/lsa64_ann_train_list.txt'
ann_file_val = 'C:/Users/honzi/mmaction2/data/lsa64/lsa64_ann_val_list.txt'
ann_file_test = 'C:/Users/honzi/mmaction2/data/lsa64/lsa64_ann_test_list.txt'
img_norm_cfg = dict(
    mean=[123.675, 116.28, 103.53], std=[58.395, 57.12, 57.375], to_bgr=False)
data = dict(
    videos_per_gpu=3,
    workers_per_gpu=1,
    test_dataloader=dict(videos_per_gpu=1),
    train=dict(
        type='VideoDataset',
        ann_file='C:/Users/honzi/mmaction2/data/lsa64/lsa64_ann_train_list.txt',
        data_prefix='C:/Users/honzi/mmaction2/data/lsa64/',
        pipeline=[
            dict(type='DecordInit'),
            dict(
                type='SampleFrames', clip_len=1, frame_interval=1,
                num_clips=8),
            dict(type='DecordDecode'),
            dict(
                type='MultiScaleCrop',
                input_size=224,
                random_crop=False,
                max_wh_scale_gap=1),
            dict(type='Resize', scale=(224, 224), keep_ratio=False),
            dict(type='Flip', flip_ratio=0),
            dict(
                type='Normalize',
                mean=[123.675, 116.28, 103.53],
                std=[58.395, 57.12, 57.375],
                to_bgr=False),
            dict(type='FormatShape', input_format='NCHW'),
            dict(type='Collect', keys=['imgs', 'label'], meta_keys=[]),
            dict(type='ToTensor', keys=['imgs', 'label'])
        ]),
    val=dict(
        type='VideoDataset',
        ann_file='C:/Users/honzi/mmaction2/data/lsa64/lsa64_ann_val_list.txt',
        data_prefix='C:/Users/honzi/mmaction2/data/lsa64/',
        pipeline=[
            dict(type='DecordInit'),
            dict(
                type='SampleFrames',
                clip_len=1,
                frame_interval=1,
                num_clips=8,
                test_mode=True),
            dict(type='DecordDecode'),
            dict(type='Resize', scale=(-1, 256)),
            dict(type='CenterCrop', crop_size=224),
            dict(
                type='Normalize',
                mean=[123.675, 116.28, 103.53],
                std=[58.395, 57.12, 57.375],
                to_bgr=False),
            dict(type='FormatShape', input_format='NCHW'),
            dict(type='Collect', keys=['imgs', 'label'], meta_keys=[]),
            dict(type='ToTensor', keys=['imgs'])
        ]),
    test=dict(
        type='VideoDataset',
        ann_file='C:/Users/honzi/mmaction2/data/lsa64/lsa64_ann_test_list.txt',
        data_prefix='C:/Users/honzi/mmaction2/data/lsa64/',
        pipeline=[
            dict(type='DecordInit'),
            dict(
                type='SampleFrames',
                clip_len=1,
                frame_interval=1,
                num_clips=8,
                test_mode=True),
            dict(type='DecordDecode'),
            dict(type='Resize', scale=(-1, 256)),
            dict(type='TenCrop', crop_size=224),
            dict(
                type='Normalize',
                mean=[123.675, 116.28, 103.53],
                std=[58.395, 57.12, 57.375],
                to_bgr=False),
            dict(type='FormatShape', input_format='NCHW'),
            dict(type='Collect', keys=['imgs', 'label'], meta_keys=[]),
            dict(type='ToTensor', keys=['imgs'])
        ]))
evaluation = dict(interval=1, metrics=['top_k_accuracy'])
work_dir = 'C:/Users/honzi/mmaction2/checkpoints/checkpoint_lsa64'
gpu_ids = range(0, 1)
omnisource = False
module_hooks = []

2022-04-05 18:54:11,996 - mmaction - INFO - Set random seed to 703233408, deterministic: False
2022-04-05 18:54:12,655 - mmaction - INFO - These parameters in pretrained checkpoint are not loaded: {'fc.bias', 'fc.weight'}
2022-04-05 18:54:18,475 - mmaction - INFO - load checkpoint from local path: C:/Users/honzi/mmaction2/checkpoints/tsn_r50_video_1x1x8_100e_lsa64_rgb_20200702-568cde33.pth
2022-04-05 18:54:18,726 - mmaction - WARNING - The model and loaded state dict do not match exactly

size mismatch for cls_head.fc_cls.weight: copying a param with shape torch.Size([400, 2048]) from checkpoint, the shape in current model is torch.Size([64, 2048]).
size mismatch for cls_head.fc_cls.bias: copying a param with shape torch.Size([400]) from checkpoint, the shape in current model is torch.Size([64]).
2022-04-05 18:54:18,742 - mmaction - INFO - resumed epoch 95, iter 89300
2022-04-05 18:54:18,758 - mmaction - INFO - Start running, host: honzi@LAPTOP-1NMNCGNE, work_dir: C:\Users\honzi\mmaction2\checkpoints\checkpoint_lsa64
2022-04-05 18:54:18,758 - mmaction - INFO - Hooks will be executed in the following order:
before_run:
(VERY_HIGH   ) StepLrUpdaterHook                  
(NORMAL      ) CheckpointHook                     
(VERY_LOW    ) TextLoggerHook                     
 -------------------- 
before_train_epoch:
(VERY_HIGH   ) StepLrUpdaterHook                  
(LOW         ) IterTimerHook                      
(VERY_LOW    ) TextLoggerHook                     
 -------------------- 
before_train_iter:
(VERY_HIGH   ) StepLrUpdaterHook                  
(LOW         ) IterTimerHook                      
 -------------------- 
after_train_iter:
(ABOVE_NORMAL) OptimizerHook                      
(NORMAL      ) CheckpointHook                     
(LOW         ) IterTimerHook                      
(VERY_LOW    ) TextLoggerHook                     
 -------------------- 
after_train_epoch:
(NORMAL      ) CheckpointHook                     
(VERY_LOW    ) TextLoggerHook                     
 -------------------- 
before_val_epoch:
(LOW         ) IterTimerHook                      
(VERY_LOW    ) TextLoggerHook                     
 -------------------- 
before_val_iter:
(LOW         ) IterTimerHook                      
 -------------------- 
after_val_iter:
(LOW         ) IterTimerHook                      
 -------------------- 
after_val_epoch:
(VERY_LOW    ) TextLoggerHook                     
 -------------------- 
after_run:
(VERY_LOW    ) TextLoggerHook                     
 -------------------- 
2022-04-05 18:54:18,758 - mmaction - INFO - workflow: [('train', 1), ('val', 1)], max: 140 epochs
2022-04-05 18:54:18,758 - mmaction - INFO - Checkpoints will be saved to C:\Users\honzi\mmaction2\checkpoints\checkpoint_lsa64 by HardDiskBackend.
2022-04-05 18:54:59,103 - mmaction - INFO - Epoch [96][20/768]	lr: 1.000e-01, eta: 10:11:40, time: 2.017, data_time: 1.279, memory: 2298, top1_acc: 0.0000, top5_acc: 0.0667, loss_cls: 7.8098, loss: 7.8098, grad_norm: 49.8529
2022-04-05 18:55:35,681 - mmaction - INFO - Epoch [96][40/768]	lr: 1.000e-01, eta: 9:42:36, time: 1.829, data_time: 1.249, memory: 2298, top1_acc: 0.0333, top5_acc: 0.1167, loss_cls: 4.4585, loss: 4.4585, grad_norm: 3.1444
2022-04-05 18:56:11,226 - mmaction - INFO - Epoch [96][60/768]	lr: 1.000e-01, eta: 9:27:17, time: 1.777, data_time: 1.192, memory: 2298, top1_acc: 0.0333, top5_acc: 0.0667, loss_cls: 4.6441, loss: 4.6441, grad_norm: 2.7776
2022-04-05 18:56:44,451 - mmaction - INFO - Epoch [96][80/768]	lr: 1.000e-01, eta: 9:10:33, time: 1.661, data_time: 1.081, memory: 2298, top1_acc: 0.0000, top5_acc: 0.0167, loss_cls: 4.5936, loss: 4.5936, grad_norm: 2.0010
2022-04-05 18:57:18,672 - mmaction - INFO - Epoch [96][100/768]	lr: 1.000e-01, eta: 9:03:18, time: 1.711, data_time: 1.129, memory: 2298, top1_acc: 0.0333, top5_acc: 0.1000, loss_cls: 4.3017, loss: 4.3017, grad_norm: 1.6355
2022-04-05 18:57:52,988 - mmaction - INFO - Epoch [96][120/768]	lr: 1.000e-01, eta: 8:58:31, time: 1.716, data_time: 1.135, memory: 2298, top1_acc: 0.0000, top5_acc: 0.0667, loss_cls: 4.6797, loss: 4.6797, grad_norm: 3.9157
2022-04-05 18:58:27,120 - mmaction - INFO - Epoch [96][140/768]	lr: 1.000e-01, eta: 8:54:32, time: 1.707, data_time: 1.127, memory: 2298, top1_acc: 0.0167, top5_acc: 0.0833, loss_cls: 4.4110, loss: 4.4110, grad_norm: 1.7961
2022-04-05 18:59:01,169 - mmaction - INFO - Epoch [96][160/768]	lr: 1.000e-01, eta: 8:51:16, time: 1.703, data_time: 1.120, memory: 2298, top1_acc: 0.0000, top5_acc: 0.0500, loss_cls: 4.4084, loss: 4.4084, grad_norm: 1.5114
2022-04-05 18:59:33,675 - mmaction - INFO - Epoch [96][180/768]	lr: 1.000e-01, eta: 8:46:00, time: 1.625, data_time: 1.045, memory: 2298, top1_acc: 0.0167, top5_acc: 0.0667, loss_cls: 4.3224, loss: 4.3224, grad_norm: 1.4853
2022-04-05 19:00:08,381 - mmaction - INFO - Epoch [96][200/768]	lr: 1.000e-01, eta: 8:45:00, time: 1.735, data_time: 1.154, memory: 2298, top1_acc: 0.0167, top5_acc: 0.0500, loss_cls: 4.3042, loss: 4.3042, grad_norm: 1.2015
2022-04-05 19:00:44,753 - mmaction - INFO - Epoch [96][220/768]	lr: 1.000e-01, eta: 8:46:20, time: 1.819, data_time: 1.237, memory: 2298, top1_acc: 0.0333, top5_acc: 0.0667, loss_cls: 4.2788, loss: 4.2788, grad_norm: 1.0539
2022-04-05 19:01:19,494 - mmaction - INFO - Epoch [96][240/768]	lr: 1.000e-01, eta: 8:45:19, time: 1.737, data_time: 1.156, memory: 2298, top1_acc: 0.0000, top5_acc: 0.0500, loss_cls: 4.3242, loss: 4.3242, grad_norm: 1.1077
2022-04-05 19:01:53,694 - mmaction - INFO - Epoch [96][260/768]	lr: 1.000e-01, eta: 8:43:45, time: 1.710, data_time: 1.129, memory: 2298, top1_acc: 0.0167, top5_acc: 0.0167, loss_cls: 4.2574, loss: 4.2574, grad_norm: 0.9467
2022-04-05 19:02:30,584 - mmaction - INFO - Epoch [96][280/768]	lr: 1.000e-01, eta: 8:45:11, time: 1.844, data_time: 1.260, memory: 2298, top1_acc: 0.0167, top5_acc: 0.1000, loss_cls: 4.2327, loss: 4.2327, grad_norm: 0.9687
2022-04-05 19:03:02,825 - mmaction - INFO - Epoch [96][300/768]	lr: 1.000e-01, eta: 8:41:43, time: 1.612, data_time: 1.032, memory: 2298, top1_acc: 0.0500, top5_acc: 0.1333, loss_cls: 4.2409, loss: 4.2409, grad_norm: 0.9109
2022-04-05 19:03:35,446 - mmaction - INFO - Epoch [96][320/768]	lr: 1.000e-01, eta: 8:38:59, time: 1.631, data_time: 1.049, memory: 2298, top1_acc: 0.0167, top5_acc: 0.1667, loss_cls: 4.2312, loss: 4.2312, grad_norm: 0.8958
2022-04-05 19:04:09,064 - mmaction - INFO - Epoch [96][340/768]	lr: 1.000e-01, eta: 8:37:22, time: 1.681, data_time: 1.100, memory: 2298, top1_acc: 0.0167, top5_acc: 0.1333, loss_cls: 4.1944, loss: 4.1944, grad_norm: 1.0795
2022-04-05 19:04:43,642 - mmaction - INFO - Epoch [96][360/768]	lr: 1.000e-01, eta: 8:36:40, time: 1.729, data_time: 1.147, memory: 2298, top1_acc: 0.0167, top5_acc: 0.1500, loss_cls: 4.1678, loss: 4.1678, grad_norm: 1.0107
2022-04-05 19:05:17,366 - mmaction - INFO - Epoch [96][380/768]	lr: 1.000e-01, eta: 8:35:19, time: 1.686, data_time: 1.105, memory: 2298, top1_acc: 0.0167, top5_acc: 0.0667, loss_cls: 4.2854, loss: 4.2854, grad_norm: 1.1577
2022-04-05 19:05:51,272 - mmaction - INFO - Epoch [96][400/768]	lr: 1.000e-01, eta: 8:34:10, time: 1.695, data_time: 1.112, memory: 2298, top1_acc: 0.0167, top5_acc: 0.1333, loss_cls: 4.1181, loss: 4.1181, grad_norm: 1.1088
2022-04-05 19:06:23,097 - mmaction - INFO - Epoch [96][420/768]	lr: 1.000e-01, eta: 8:31:37, time: 1.591, data_time: 1.009, memory: 2298, top1_acc: 0.0167, top5_acc: 0.0833, loss_cls: 4.1401, loss: 4.1401, grad_norm: 1.0402
2022-04-05 19:06:56,230 - mmaction - INFO - Epoch [96][440/768]	lr: 1.000e-01, eta: 8:30:08, time: 1.657, data_time: 1.074, memory: 2298, top1_acc: 0.0000, top5_acc: 0.0667, loss_cls: 4.2152, loss: 4.2152, grad_norm: 1.1480
2022-04-05 19:07:31,212 - mmaction - INFO - Epoch [96][460/768]	lr: 1.000e-01, eta: 8:29:55, time: 1.749, data_time: 1.167, memory: 2298, top1_acc: 0.0167, top5_acc: 0.0667, loss_cls: 4.3459, loss: 4.3459, grad_norm: 1.3088
2022-04-05 19:08:04,969 - mmaction - INFO - Epoch [96][480/768]	lr: 1.000e-01, eta: 8:28:54, time: 1.688, data_time: 1.106, memory: 2298, top1_acc: 0.0333, top5_acc: 0.0500, loss_cls: 4.3793, loss: 4.3793, grad_norm: 1.0114
2022-04-05 19:08:38,928 - mmaction - INFO - Epoch [96][500/768]	lr: 1.000e-01, eta: 8:28:04, time: 1.698, data_time: 1.117, memory: 2298, top1_acc: 0.0333, top5_acc: 0.1167, loss_cls: 4.2029, loss: 4.2029, grad_norm: 1.5375
2022-04-05 19:09:16,159 - mmaction - INFO - Epoch [96][520/768]	lr: 1.000e-01, eta: 8:29:05, time: 1.861, data_time: 1.276, memory: 2298, top1_acc: 0.0167, top5_acc: 0.1000, loss_cls: 4.2082, loss: 4.2082, grad_norm: 1.1274
2022-04-05 19:09:50,894 - mmaction - INFO - Epoch [96][540/768]	lr: 1.000e-01, eta: 8:28:38, time: 1.737, data_time: 1.152, memory: 2298, top1_acc: 0.0000, top5_acc: 0.0500, loss_cls: 4.2587, loss: 4.2587, grad_norm: 1.2292
2022-04-05 19:10:22,722 - mmaction - INFO - Epoch [96][560/768]	lr: 1.000e-01, eta: 8:26:38, time: 1.591, data_time: 1.012, memory: 2298, top1_acc: 0.0000, top5_acc: 0.0500, loss_cls: 4.2936, loss: 4.2936, grad_norm: 1.4821
2022-04-05 19:10:53,709 - mmaction - INFO - Epoch [96][580/768]	lr: 1.000e-01, eta: 8:24:19, time: 1.549, data_time: 0.969, memory: 2298, top1_acc: 0.0500, top5_acc: 0.0667, loss_cls: 4.2912, loss: 4.2912, grad_norm: 0.9439
2022-04-05 19:11:26,272 - mmaction - INFO - Epoch [96][600/768]	lr: 1.000e-01, eta: 8:22:54, time: 1.628, data_time: 1.045, memory: 2298, top1_acc: 0.0167, top5_acc: 0.0667, loss_cls: 4.1874, loss: 4.1874, grad_norm: 1.0216
2022-04-05 19:11:59,137 - mmaction - INFO - Epoch [96][620/768]	lr: 1.000e-01, eta: 8:21:40, time: 1.642, data_time: 1.061, memory: 2298, top1_acc: 0.0333, top5_acc: 0.1000, loss_cls: 4.1365, loss: 4.1365, grad_norm: 0.7644
2022-04-05 19:12:30,060 - mmaction - INFO - Epoch [96][640/768]	lr: 1.000e-01, eta: 8:19:36, time: 1.547, data_time: 0.966, memory: 2298, top1_acc: 0.0000, top5_acc: 0.1000, loss_cls: 4.1393, loss: 4.1393, grad_norm: 0.8400
2022-04-05 19:12:58,901 - mmaction - INFO - Epoch [96][660/768]	lr: 1.000e-01, eta: 8:16:42, time: 1.442, data_time: 0.863, memory: 2298, top1_acc: 0.0167, top5_acc: 0.1333, loss_cls: 4.1432, loss: 4.1432, grad_norm: 0.8723
2022-04-05 19:13:28,476 - mmaction - INFO - Epoch [96][680/768]	lr: 1.000e-01, eta: 8:14:15, time: 1.479, data_time: 0.898, memory: 2298, top1_acc: 0.0167, top5_acc: 0.1000, loss_cls: 4.1879, loss: 4.1879, grad_norm: 0.9046
2022-04-05 19:13:57,983 - mmaction - INFO - Epoch [96][700/768]	lr: 1.000e-01, eta: 8:11:53, time: 1.475, data_time: 0.894, memory: 2298, top1_acc: 0.0167, top5_acc: 0.0833, loss_cls: 4.1759, loss: 4.1759, grad_norm: 1.2018
2022-04-05 19:14:27,546 - mmaction - INFO - Epoch [96][720/768]	lr: 1.000e-01, eta: 8:09:40, time: 1.478, data_time: 0.903, memory: 2298, top1_acc: 0.0000, top5_acc: 0.0833, loss_cls: 4.2348, loss: 4.2348, grad_norm: 1.5141
2022-04-05 19:14:58,621 - mmaction - INFO - Epoch [96][740/768]	lr: 1.000e-01, eta: 8:08:07, time: 1.553, data_time: 0.974, memory: 2298, top1_acc: 0.0000, top5_acc: 0.0333, loss_cls: 4.2391, loss: 4.2391, grad_norm: 1.7342
2022-04-05 19:15:29,112 - mmaction - INFO - Epoch [96][760/768]	lr: 1.000e-01, eta: 8:06:24, time: 1.525, data_time: 0.942, memory: 2298, top1_acc: 0.0500, top5_acc: 0.1667, loss_cls: 4.1094, loss: 4.1094, grad_norm: 0.9599
2022-04-05 19:15:43,872 - mmaction - INFO - Saving checkpoint at 96 epochs
2022-04-05 19:21:06,198 - mmaction - INFO - Epoch(val) [96][192]	top1_acc: 0.0226, top5_acc: 0.1059, loss_cls: 4.2030, loss: 4.2030
2022-04-05 19:21:44,025 - mmaction - INFO - Epoch [97][20/768]	lr: 1.000e-01, eta: 8:02:18, time: 1.890, data_time: 1.309, memory: 2298, top1_acc: 0.0333, top5_acc: 0.1333, loss_cls: 4.0961, loss: 4.0961, grad_norm: 0.9238
2022-04-05 19:22:15,237 - mmaction - INFO - Epoch [97][40/768]	lr: 1.000e-01, eta: 8:01:02, time: 1.561, data_time: 0.979, memory: 2298, top1_acc: 0.0167, top5_acc: 0.1167, loss_cls: 4.1535, loss: 4.1535, grad_norm: 1.0799
2022-04-05 19:22:46,466 - mmaction - INFO - Epoch [97][60/768]	lr: 1.000e-01, eta: 7:59:48, time: 1.561, data_time: 0.980, memory: 2298, top1_acc: 0.0167, top5_acc: 0.1000, loss_cls: 4.0558, loss: 4.0558, grad_norm: 0.8849
2022-04-05 19:23:17,019 - mmaction - INFO - Epoch [97][80/768]	lr: 1.000e-01, eta: 7:58:23, time: 1.528, data_time: 0.951, memory: 2298, top1_acc: 0.0167, top5_acc: 0.1500, loss_cls: 4.1254, loss: 4.1254, grad_norm: 1.1393
2022-04-05 19:23:46,501 - mmaction - INFO - Epoch [97][100/768]	lr: 1.000e-01, eta: 7:56:39, time: 1.474, data_time: 0.896, memory: 2298, top1_acc: 0.0167, top5_acc: 0.0667, loss_cls: 4.2352, loss: 4.2352, grad_norm: 0.9440
2022-04-05 19:24:16,188 - mmaction - INFO - Epoch [97][120/768]	lr: 1.000e-01, eta: 7:55:02, time: 1.484, data_time: 0.902, memory: 2298, top1_acc: 0.0000, top5_acc: 0.1333, loss_cls: 4.0608, loss: 4.0608, grad_norm: 1.2771
2022-04-05 19:24:45,655 - mmaction - INFO - Epoch [97][140/768]	lr: 1.000e-01, eta: 7:53:24, time: 1.473, data_time: 0.893, memory: 2298, top1_acc: 0.0167, top5_acc: 0.1167, loss_cls: 4.2299, loss: 4.2299, grad_norm: 1.2407
2022-04-05 19:25:15,343 - mmaction - INFO - Epoch [97][160/768]	lr: 1.000e-01, eta: 7:51:52, time: 1.484, data_time: 0.904, memory: 2298, top1_acc: 0.0500, top5_acc: 0.1167, loss_cls: 4.0597, loss: 4.0597, grad_norm: 1.0174
2022-04-05 19:25:45,994 - mmaction - INFO - Epoch [97][180/768]	lr: 1.000e-01, eta: 7:50:41, time: 1.532, data_time: 0.952, memory: 2298, top1_acc: 0.0167, top5_acc: 0.1667, loss_cls: 3.9981, loss: 3.9981, grad_norm: 1.0584
2022-04-05 19:26:15,756 - mmaction - INFO - Epoch [97][200/768]	lr: 1.000e-01, eta: 7:49:16, time: 1.489, data_time: 0.909, memory: 2298, top1_acc: 0.0333, top5_acc: 0.0833, loss_cls: 4.1659, loss: 4.1659, grad_norm: 1.0342
2022-04-05 19:26:44,653 - mmaction - INFO - Epoch [97][220/768]	lr: 1.000e-01, eta: 7:47:38, time: 1.445, data_time: 0.865, memory: 2298, top1_acc: 0.0167, top5_acc: 0.0833, loss_cls: 4.1628, loss: 4.1628, grad_norm: 1.0493
2022-04-05 19:27:14,469 - mmaction - INFO - Epoch [97][240/768]	lr: 1.000e-01, eta: 7:46:19, time: 1.491, data_time: 0.912, memory: 2298, top1_acc: 0.0167, top5_acc: 0.1167, loss_cls: 4.1186, loss: 4.1186, grad_norm: 1.1487
2022-04-05 19:27:44,830 - mmaction - INFO - Epoch [97][260/768]	lr: 1.000e-01, eta: 7:45:10, time: 1.518, data_time: 0.938, memory: 2298, top1_acc: 0.0667, top5_acc: 0.1667, loss_cls: 4.0244, loss: 4.0244, grad_norm: 1.0890
2022-04-05 19:28:15,113 - mmaction - INFO - Epoch [97][280/768]	lr: 1.000e-01, eta: 7:44:02, time: 1.513, data_time: 0.932, memory: 2298, top1_acc: 0.0333, top5_acc: 0.2000, loss_cls: 4.0343, loss: 4.0343, grad_norm: 1.4538
2022-04-05 19:28:45,913 - mmaction - INFO - Epoch [97][300/768]	lr: 1.000e-01, eta: 7:43:04, time: 1.541, data_time: 0.961, memory: 2298, top1_acc: 0.0000, top5_acc: 0.1000, loss_cls: 4.1188, loss: 4.1188, grad_norm: 1.2006
2022-04-05 19:29:17,785 - mmaction - INFO - Epoch [97][320/768]	lr: 1.000e-01, eta: 7:42:23, time: 1.593, data_time: 1.014, memory: 2298, top1_acc: 0.0000, top5_acc: 0.0833, loss_cls: 4.1095, loss: 4.1095, grad_norm: 1.0184
2022-04-05 19:29:48,705 - mmaction - INFO - Epoch [97][340/768]	lr: 1.000e-01, eta: 7:41:28, time: 1.546, data_time: 0.966, memory: 2298, top1_acc: 0.0167, top5_acc: 0.1167, loss_cls: 4.1090, loss: 4.1090, grad_norm: 1.1420
2022-04-05 19:30:18,091 - mmaction - INFO - Epoch [97][360/768]	lr: 1.000e-01, eta: 7:40:10, time: 1.469, data_time: 0.889, memory: 2298, top1_acc: 0.0000, top5_acc: 0.0500, loss_cls: 4.2087, loss: 4.2087, grad_norm: 1.0091
2022-04-05 19:30:49,801 - mmaction - INFO - Epoch [97][380/768]	lr: 1.000e-01, eta: 7:39:29, time: 1.586, data_time: 1.005, memory: 2298, top1_acc: 0.0167, top5_acc: 0.1500, loss_cls: 4.1745, loss: 4.1745, grad_norm: 0.8875
2022-04-05 19:31:21,120 - mmaction - INFO - Epoch [97][400/768]	lr: 1.000e-01, eta: 7:38:42, time: 1.565, data_time: 0.986, memory: 2298, top1_acc: 0.0000, top5_acc: 0.1333, loss_cls: 4.1266, loss: 4.1266, grad_norm: 0.9182
2022-04-05 19:31:51,123 - mmaction - INFO - Epoch [97][420/768]	lr: 1.000e-01, eta: 7:37:37, time: 1.500, data_time: 0.919, memory: 2298, top1_acc: 0.0000, top5_acc: 0.0833, loss_cls: 4.1605, loss: 4.1605, grad_norm: 0.9584
2022-04-05 19:32:22,137 - mmaction - INFO - Epoch [97][440/768]	lr: 1.000e-01, eta: 7:36:48, time: 1.551, data_time: 0.972, memory: 2298, top1_acc: 0.0167, top5_acc: 0.2167, loss_cls: 3.9978, loss: 3.9978, grad_norm: 0.9574
2022-04-05 19:32:52,043 - mmaction - INFO - Epoch [97][460/768]	lr: 1.000e-01, eta: 7:35:44, time: 1.495, data_time: 0.916, memory: 2298, top1_acc: 0.0500, top5_acc: 0.1667, loss_cls: 4.0364, loss: 4.0364, grad_norm: 1.0220
2022-04-05 19:33:22,008 - mmaction - INFO - Epoch [97][480/768]	lr: 1.000e-01, eta: 7:34:41, time: 1.498, data_time: 0.919, memory: 2298, top1_acc: 0.0333, top5_acc: 0.1500, loss_cls: 4.1631, loss: 4.1631, grad_norm: 0.9405
2022-04-05 19:33:53,842 - mmaction - INFO - Epoch [97][500/768]	lr: 1.000e-01, eta: 7:34:05, time: 1.592, data_time: 1.013, memory: 2298, top1_acc: 0.0167, top5_acc: 0.0833, loss_cls: 4.2677, loss: 4.2677, grad_norm: 0.8763
2022-04-05 19:34:24,146 - mmaction - INFO - Epoch [97][520/768]	lr: 1.000e-01, eta: 7:33:09, time: 1.515, data_time: 0.937, memory: 2298, top1_acc: 0.0167, top5_acc: 0.0500, loss_cls: 4.2018, loss: 4.2018, grad_norm: 0.9978
2022-04-05 19:34:55,517 - mmaction - INFO - Epoch [97][540/768]	lr: 1.000e-01, eta: 7:32:27, time: 1.568, data_time: 0.988, memory: 2298, top1_acc: 0.0333, top5_acc: 0.0500, loss_cls: 4.3496, loss: 4.3496, grad_norm: 2.1287
2022-04-05 19:35:24,664 - mmaction - INFO - Epoch [97][560/768]	lr: 1.000e-01, eta: 7:31:17, time: 1.457, data_time: 0.878, memory: 2298, top1_acc: 0.0167, top5_acc: 0.1000, loss_cls: 4.1545, loss: 4.1545, grad_norm: 1.2251
2022-04-05 19:35:55,859 - mmaction - INFO - Epoch [97][580/768]	lr: 1.000e-01, eta: 7:30:34, time: 1.559, data_time: 0.981, memory: 2298, top1_acc: 0.0500, top5_acc: 0.1333, loss_cls: 4.2209, loss: 4.2209, grad_norm: 1.3867
2022-04-05 19:36:26,329 - mmaction - INFO - Epoch [97][600/768]	lr: 1.000e-01, eta: 7:29:43, time: 1.523, data_time: 0.945, memory: 2298, top1_acc: 0.0167, top5_acc: 0.1500, loss_cls: 4.2388, loss: 4.2388, grad_norm: 1.0608
2022-04-05 19:36:57,481 - mmaction - INFO - Epoch [97][620/768]	lr: 1.000e-01, eta: 7:29:00, time: 1.558, data_time: 0.979, memory: 2298, top1_acc: 0.0167, top5_acc: 0.0667, loss_cls: 4.2833, loss: 4.2833, grad_norm: 0.9080
2022-04-05 19:37:28,489 - mmaction - INFO - Epoch [97][640/768]	lr: 1.000e-01, eta: 7:28:16, time: 1.551, data_time: 0.973, memory: 2298, top1_acc: 0.0000, top5_acc: 0.0500, loss_cls: 4.1442, loss: 4.1442, grad_norm: 0.9900
2022-04-05 19:37:58,239 - mmaction - INFO - Epoch [97][660/768]	lr: 1.000e-01, eta: 7:27:18, time: 1.487, data_time: 0.905, memory: 2298, top1_acc: 0.0167, top5_acc: 0.1333, loss_cls: 4.0631, loss: 4.0631, grad_norm: 0.9819
2022-04-05 19:38:28,130 - mmaction - INFO - Epoch [97][680/768]	lr: 1.000e-01, eta: 7:26:21, time: 1.493, data_time: 0.915, memory: 2298, top1_acc: 0.0167, top5_acc: 0.1333, loss_cls: 4.2223, loss: 4.2223, grad_norm: 1.3905
2022-04-05 19:38:57,206 - mmaction - INFO - Epoch [97][700/768]	lr: 1.000e-01, eta: 7:25:17, time: 1.455, data_time: 0.875, memory: 2298, top1_acc: 0.0000, top5_acc: 0.1167, loss_cls: 4.1700, loss: 4.1700, grad_norm: 1.2447
2022-04-05 19:39:26,939 - mmaction - INFO - Epoch [97][720/768]	lr: 1.000e-01, eta: 7:24:21, time: 1.487, data_time: 0.910, memory: 2298, top1_acc: 0.0333, top5_acc: 0.1000, loss_cls: 4.1142, loss: 4.1142, grad_norm: 1.1073
2022-04-05 19:39:58,920 - mmaction - INFO - Epoch [97][740/768]	lr: 1.000e-01, eta: 7:23:50, time: 1.599, data_time: 1.018, memory: 2298, top1_acc: 0.0333, top5_acc: 0.1500, loss_cls: 4.1041, loss: 4.1041, grad_norm: 0.9148
2022-04-05 19:40:28,774 - mmaction - INFO - Epoch [97][760/768]	lr: 1.000e-01, eta: 7:22:56, time: 1.493, data_time: 0.912, memory: 2298, top1_acc: 0.0333, top5_acc: 0.0667, loss_cls: 4.1356, loss: 4.1356, grad_norm: 0.8582
2022-04-05 19:40:41,404 - mmaction - INFO - Saving checkpoint at 97 epochs
2022-04-05 19:45:41,263 - mmaction - INFO - Epoch(val) [97][192]	top1_acc: 0.0243, top5_acc: 0.1076, loss_cls: 4.2186, loss: 4.2186
2022-04-05 19:46:17,739 - mmaction - INFO - Epoch [98][20/768]	lr: 1.000e-01, eta: 7:20:45, time: 1.823, data_time: 1.244, memory: 2298, top1_acc: 0.0167, top5_acc: 0.1167, loss_cls: 4.2422, loss: 4.2422, grad_norm: 1.0154
2022-04-05 19:46:47,423 - mmaction - INFO - Epoch [98][40/768]	lr: 1.000e-01, eta: 7:19:51, time: 1.483, data_time: 0.905, memory: 2298, top1_acc: 0.0000, top5_acc: 0.0833, loss_cls: 4.1155, loss: 4.1155, grad_norm: 0.9052
2022-04-05 19:47:17,778 - mmaction - INFO - Epoch [98][60/768]	lr: 1.000e-01, eta: 7:19:05, time: 1.519, data_time: 0.939, memory: 2298, top1_acc: 0.0000, top5_acc: 0.1833, loss_cls: 4.0429, loss: 4.0429, grad_norm: 0.9791
2022-04-05 19:47:47,637 - mmaction - INFO - Epoch [98][80/768]	lr: 1.000e-01, eta: 7:18:15, time: 1.492, data_time: 0.916, memory: 2298, top1_acc: 0.0167, top5_acc: 0.1333, loss_cls: 4.1116, loss: 4.1116, grad_norm: 0.9142
2022-04-05 19:48:17,618 - mmaction - INFO - Epoch [98][100/768]	lr: 1.000e-01, eta: 7:17:26, time: 1.500, data_time: 0.920, memory: 2298, top1_acc: 0.0333, top5_acc: 0.2000, loss_cls: 4.0118, loss: 4.0118, grad_norm: 1.0011
2022-04-05 19:48:48,495 - mmaction - INFO - Epoch [98][120/768]	lr: 1.000e-01, eta: 7:16:47, time: 1.544, data_time: 0.962, memory: 2298, top1_acc: 0.0000, top5_acc: 0.0500, loss_cls: 4.1752, loss: 4.1752, grad_norm: 0.9627
2022-04-05 19:49:17,208 - mmaction - INFO - Epoch [98][140/768]	lr: 1.000e-01, eta: 7:15:46, time: 1.435, data_time: 0.854, memory: 2298, top1_acc: 0.0000, top5_acc: 0.0667, loss_cls: 4.1629, loss: 4.1629, grad_norm: 0.8926
2022-04-05 19:49:52,612 - mmaction - INFO - Epoch [98][160/768]	lr: 1.000e-01, eta: 7:15:51, time: 1.771, data_time: 1.188, memory: 2298, top1_acc: 0.0167, top5_acc: 0.0500, loss_cls: 4.1293, loss: 4.1293, grad_norm: 0.8092
2022-04-05 19:50:26,685 - mmaction - INFO - Epoch [98][180/768]	lr: 1.000e-01, eta: 7:15:43, time: 1.704, data_time: 1.120, memory: 2298, top1_acc: 0.0333, top5_acc: 0.1333, loss_cls: 4.0767, loss: 4.0767, grad_norm: 0.7572
2022-04-05 19:50:59,523 - mmaction - INFO - Epoch [98][200/768]	lr: 1.000e-01, eta: 7:15:22, time: 1.642, data_time: 1.057, memory: 2298, top1_acc: 0.0167, top5_acc: 0.0500, loss_cls: 4.1505, loss: 4.1505, grad_norm: 0.8675
2022-04-05 19:51:37,413 - mmaction - INFO - Epoch [98][220/768]	lr: 1.000e-01, eta: 7:15:49, time: 1.895, data_time: 1.303, memory: 2298, top1_acc: 0.0000, top5_acc: 0.1167, loss_cls: 4.0651, loss: 4.0651, grad_norm: 0.8929
2022-04-05 19:52:20,490 - mmaction - INFO - Epoch [98][240/768]	lr: 1.000e-01, eta: 7:17:02, time: 2.153, data_time: 1.451, memory: 2298, top1_acc: 0.0167, top5_acc: 0.1500, loss_cls: 4.0618, loss: 4.0618, grad_norm: 0.9849
2022-04-05 19:53:08,781 - mmaction - INFO - Epoch [98][260/768]	lr: 1.000e-01, eta: 7:19:00, time: 2.415, data_time: 1.581, memory: 2298, top1_acc: 0.0000, top5_acc: 0.1000, loss_cls: 4.1711, loss: 4.1711, grad_norm: 0.9298
2022-04-05 19:54:14,428 - mmaction - INFO - Epoch [98][280/768]	lr: 1.000e-01, eta: 7:23:31, time: 3.281, data_time: 2.340, memory: 2298, top1_acc: 0.0000, top5_acc: 0.1000, loss_cls: 4.1831, loss: 4.1831, grad_norm: 1.0325
2022-04-05 19:55:12,070 - mmaction - INFO - Epoch [98][300/768]	lr: 1.000e-01, eta: 7:26:43, time: 2.883, data_time: 1.726, memory: 2298, top1_acc: 0.0500, top5_acc: 0.1167, loss_cls: 4.0114, loss: 4.0114, grad_norm: 0.8670
2022-04-05 19:56:10,407 - mmaction - INFO - Epoch [98][320/768]	lr: 1.000e-01, eta: 7:29:56, time: 2.917, data_time: 1.948, memory: 2298, top1_acc: 0.0167, top5_acc: 0.2000, loss_cls: 4.0581, loss: 4.0581, grad_norm: 0.9289
2022-04-05 19:56:57,432 - mmaction - INFO - Epoch [98][340/768]	lr: 1.000e-01, eta: 7:31:26, time: 2.351, data_time: 1.514, memory: 2298, top1_acc: 0.0333, top5_acc: 0.1167, loss_cls: 4.0964, loss: 4.0964, grad_norm: 0.9041
2022-04-05 19:57:43,478 - mmaction - INFO - Epoch [98][360/768]	lr: 1.000e-01, eta: 7:32:44, time: 2.302, data_time: 1.480, memory: 2298, top1_acc: 0.0333, top5_acc: 0.1667, loss_cls: 4.0525, loss: 4.0525, grad_norm: 1.0544
2022-04-05 19:58:46,163 - mmaction - INFO - Epoch [98][380/768]	lr: 1.000e-01, eta: 7:36:20, time: 3.134, data_time: 1.910, memory: 2298, top1_acc: 0.0167, top5_acc: 0.1000, loss_cls: 4.1046, loss: 4.1046, grad_norm: 0.8214
2022-04-05 19:59:39,023 - mmaction - INFO - Epoch [98][400/768]	lr: 1.000e-01, eta: 7:38:29, time: 2.643, data_time: 1.199, memory: 2298, top1_acc: 0.0500, top5_acc: 0.1333, loss_cls: 4.0771, loss: 4.0771, grad_norm: 0.8752
2022-04-05 20:00:29,946 - mmaction - INFO - Epoch [98][420/768]	lr: 1.000e-01, eta: 7:40:18, time: 2.546, data_time: 1.102, memory: 2298, top1_acc: 0.0500, top5_acc: 0.1333, loss_cls: 4.0874, loss: 4.0874, grad_norm: 0.7946
2022-04-05 20:01:24,359 - mmaction - INFO - Epoch [98][440/768]	lr: 1.000e-01, eta: 7:42:32, time: 2.721, data_time: 1.295, memory: 2298, top1_acc: 0.0167, top5_acc: 0.1167, loss_cls: 4.0961, loss: 4.0961, grad_norm: 0.9787
2022-04-05 20:02:13,441 - mmaction - INFO - Epoch [98][460/768]	lr: 1.000e-01, eta: 7:43:59, time: 2.454, data_time: 0.998, memory: 2298, top1_acc: 0.0167, top5_acc: 0.0500, loss_cls: 4.1265, loss: 4.1265, grad_norm: 0.9699
2022-04-05 20:03:08,972 - mmaction - INFO - Epoch [98][480/768]	lr: 1.000e-01, eta: 7:46:15, time: 2.776, data_time: 1.364, memory: 2298, top1_acc: 0.0167, top5_acc: 0.1167, loss_cls: 4.1574, loss: 4.1574, grad_norm: 0.8507
2022-04-05 20:04:13,723 - mmaction - INFO - Epoch [98][500/768]	lr: 1.000e-01, eta: 7:49:41, time: 3.238, data_time: 2.089, memory: 2298, top1_acc: 0.0500, top5_acc: 0.0667, loss_cls: 4.1526, loss: 4.1526, grad_norm: 1.0024
2022-04-05 20:05:18,895 - mmaction - INFO - Epoch [98][520/768]	lr: 1.000e-01, eta: 7:53:04, time: 3.259, data_time: 2.295, memory: 2298, top1_acc: 0.0167, top5_acc: 0.1167, loss_cls: 4.1817, loss: 4.1817, grad_norm: 0.9554
2022-04-05 20:06:21,961 - mmaction - INFO - Epoch [98][540/768]	lr: 1.000e-01, eta: 7:56:07, time: 3.153, data_time: 2.144, memory: 2298, top1_acc: 0.0167, top5_acc: 0.1000, loss_cls: 3.9877, loss: 3.9877, grad_norm: 1.0326
2022-04-05 20:07:27,760 - mmaction - INFO - Epoch [98][560/768]	lr: 1.000e-01, eta: 7:59:25, time: 3.290, data_time: 2.248, memory: 2298, top1_acc: 0.0000, top5_acc: 0.1667, loss_cls: 4.0686, loss: 4.0686, grad_norm: 0.9557
2022-04-05 20:08:35,402 - mmaction - INFO - Epoch [98][580/768]	lr: 1.000e-01, eta: 8:02:53, time: 3.383, data_time: 2.326, memory: 2298, top1_acc: 0.0000, top5_acc: 0.1500, loss_cls: 4.0378, loss: 4.0378, grad_norm: 0.9294
2022-04-05 20:09:33,198 - mmaction - INFO - Epoch [98][600/768]	lr: 1.000e-01, eta: 8:05:01, time: 2.889, data_time: 1.709, memory: 2298, top1_acc: 0.0000, top5_acc: 0.1333, loss_cls: 4.1182, loss: 4.1182, grad_norm: 0.9003
2022-04-05 20:10:38,395 - mmaction - INFO - Epoch [98][620/768]	lr: 1.000e-01, eta: 8:08:01, time: 3.260, data_time: 2.341, memory: 2298, top1_acc: 0.0333, top5_acc: 0.1167, loss_cls: 4.0446, loss: 4.0446, grad_norm: 0.8942
2022-04-05 20:11:42,262 - mmaction - INFO - Epoch [98][640/768]	lr: 1.000e-01, eta: 8:10:47, time: 3.193, data_time: 2.207, memory: 2298, top1_acc: 0.0167, top5_acc: 0.0667, loss_cls: 4.1356, loss: 4.1356, grad_norm: 0.8159
2022-04-05 20:12:53,701 - mmaction - INFO - Epoch [98][660/768]	lr: 1.000e-01, eta: 8:14:23, time: 3.573, data_time: 2.470, memory: 2298, top1_acc: 0.0333, top5_acc: 0.1167, loss_cls: 4.1166, loss: 4.1166, grad_norm: 0.9896
2022-04-05 20:13:57,424 - mmaction - INFO - Epoch [98][680/768]	lr: 1.000e-01, eta: 8:16:59, time: 3.186, data_time: 2.231, memory: 2298, top1_acc: 0.0333, top5_acc: 0.0833, loss_cls: 4.1377, loss: 4.1377, grad_norm: 1.1728
2022-04-05 20:15:03,584 - mmaction - INFO - Epoch [98][700/768]	lr: 1.000e-01, eta: 8:19:48, time: 3.308, data_time: 2.320, memory: 2298, top1_acc: 0.0167, top5_acc: 0.1000, loss_cls: 4.0437, loss: 4.0437, grad_norm: 1.0731
2022-04-05 20:16:06,552 - mmaction - INFO - Epoch [98][720/768]	lr: 1.000e-01, eta: 8:22:11, time: 3.149, data_time: 2.164, memory: 2298, top1_acc: 0.0000, top5_acc: 0.1000, loss_cls: 4.1559, loss: 4.1559, grad_norm: 1.2055
2022-04-05 20:17:06,171 - mmaction - INFO - Epoch [98][740/768]	lr: 1.000e-01, eta: 8:24:06, time: 2.981, data_time: 1.997, memory: 2298, top1_acc: 0.0333, top5_acc: 0.0667, loss_cls: 4.1778, loss: 4.1778, grad_norm: 1.0139
2022-04-05 20:18:11,581 - mmaction - INFO - Epoch [98][760/768]	lr: 1.000e-01, eta: 8:26:39, time: 3.270, data_time: 2.254, memory: 2298, top1_acc: 0.0333, top5_acc: 0.1333, loss_cls: 4.2408, loss: 4.2408, grad_norm: 1.0792
2022-04-05 20:18:39,523 - mmaction - INFO - Saving checkpoint at 98 epochs
2022-04-05 20:27:37,094 - mmaction - INFO - Epoch(val) [98][192]	top1_acc: 0.0312, top5_acc: 0.1545, loss_cls: 4.3851, loss: 4.3851
2022-04-05 20:28:17,868 - mmaction - INFO - Epoch [99][20/768]	lr: 1.000e-01, eta: 8:24:19, time: 2.038, data_time: 1.349, memory: 2298, top1_acc: 0.0167, top5_acc: 0.1667, loss_cls: 3.8691, loss: 3.8691, grad_norm: 1.1392
2022-04-05 20:28:53,017 - mmaction - INFO - Epoch [99][40/768]	lr: 1.000e-01, eta: 8:23:21, time: 1.757, data_time: 1.070, memory: 2298, top1_acc: 0.0167, top5_acc: 0.1167, loss_cls: 4.2015, loss: 4.2015, grad_norm: 1.1476
2022-04-05 20:29:25,457 - mmaction - INFO - Epoch [99][60/768]	lr: 1.000e-01, eta: 8:22:05, time: 1.622, data_time: 0.935, memory: 2298, top1_acc: 0.0167, top5_acc: 0.1333, loss_cls: 3.9039, loss: 3.9039, grad_norm: 1.2118
2022-04-05 20:29:59,305 - mmaction - INFO - Epoch [99][80/768]	lr: 1.000e-01, eta: 8:21:00, time: 1.692, data_time: 1.004, memory: 2298, top1_acc: 0.0000, top5_acc: 0.0833, loss_cls: 4.1706, loss: 4.1706, grad_norm: 1.6642
2022-04-05 20:30:33,007 - mmaction - INFO - Epoch [99][100/768]	lr: 1.000e-01, eta: 8:19:54, time: 1.685, data_time: 0.997, memory: 2298, top1_acc: 0.0167, top5_acc: 0.1500, loss_cls: 4.0507, loss: 4.0507, grad_norm: 1.5066
2022-04-05 20:31:07,215 - mmaction - INFO - Epoch [99][120/768]	lr: 1.000e-01, eta: 8:18:51, time: 1.710, data_time: 1.024, memory: 2298, top1_acc: 0.0333, top5_acc: 0.0667, loss_cls: 4.1265, loss: 4.1265, grad_norm: 1.3022
2022-04-05 20:31:39,072 - mmaction - INFO - Epoch [99][140/768]	lr: 1.000e-01, eta: 8:17:34, time: 1.593, data_time: 0.908, memory: 2298, top1_acc: 0.0333, top5_acc: 0.1167, loss_cls: 4.0768, loss: 4.0768, grad_norm: 1.1752
2022-04-05 20:32:12,403 - mmaction - INFO - Epoch [99][160/768]	lr: 1.000e-01, eta: 8:16:28, time: 1.667, data_time: 0.982, memory: 2298, top1_acc: 0.0167, top5_acc: 0.1167, loss_cls: 4.2398, loss: 4.2398, grad_norm: 1.3054
2022-04-05 20:32:47,151 - mmaction - INFO - Epoch [99][180/768]	lr: 1.000e-01, eta: 8:15:31, time: 1.737, data_time: 1.052, memory: 2298, top1_acc: 0.0333, top5_acc: 0.1167, loss_cls: 4.0581, loss: 4.0581, grad_norm: 1.1069
2022-04-05 20:33:18,233 - mmaction - INFO - Epoch [99][200/768]	lr: 1.000e-01, eta: 8:14:11, time: 1.554, data_time: 0.869, memory: 2298, top1_acc: 0.0167, top5_acc: 0.1167, loss_cls: 4.0189, loss: 4.0189, grad_norm: 1.4223
2022-04-05 20:33:51,307 - mmaction - INFO - Epoch [99][220/768]	lr: 1.000e-01, eta: 8:13:04, time: 1.654, data_time: 0.967, memory: 2298, top1_acc: 0.0167, top5_acc: 0.2000, loss_cls: 3.8619, loss: 3.8619, grad_norm: 1.4570
2022-04-05 20:34:23,520 - mmaction - INFO - Epoch [99][240/768]	lr: 1.000e-01, eta: 8:11:52, time: 1.611, data_time: 0.926, memory: 2298, top1_acc: 0.0167, top5_acc: 0.1333, loss_cls: 4.0858, loss: 4.0858, grad_norm: 1.1490
2022-04-05 20:34:57,434 - mmaction - INFO - Epoch [99][260/768]	lr: 1.000e-01, eta: 8:10:52, time: 1.696, data_time: 1.013, memory: 2298, top1_acc: 0.0333, top5_acc: 0.1000, loss_cls: 3.9702, loss: 3.9702, grad_norm: 1.0012
2022-04-05 20:35:31,406 - mmaction - INFO - Epoch [99][280/768]	lr: 1.000e-01, eta: 8:09:52, time: 1.698, data_time: 1.012, memory: 2298, top1_acc: 0.0167, top5_acc: 0.1833, loss_cls: 4.0545, loss: 4.0545, grad_norm: 1.0931
2022-04-05 20:36:05,138 - mmaction - INFO - Epoch [99][300/768]	lr: 1.000e-01, eta: 8:08:51, time: 1.687, data_time: 1.000, memory: 2298, top1_acc: 0.0333, top5_acc: 0.1167, loss_cls: 3.9774, loss: 3.9774, grad_norm: 1.0388
2022-04-05 20:36:37,952 - mmaction - INFO - Epoch [99][320/768]	lr: 1.000e-01, eta: 8:07:46, time: 1.641, data_time: 0.954, memory: 2298, top1_acc: 0.0167, top5_acc: 0.1167, loss_cls: 4.0266, loss: 4.0266, grad_norm: 1.0117
2022-04-05 20:37:11,620 - mmaction - INFO - Epoch [99][340/768]	lr: 1.000e-01, eta: 8:06:45, time: 1.683, data_time: 1.000, memory: 2298, top1_acc: 0.0167, top5_acc: 0.1000, loss_cls: 4.0152, loss: 4.0152, grad_norm: 1.0700
2022-04-05 20:37:45,559 - mmaction - INFO - Epoch [99][360/768]	lr: 1.000e-01, eta: 8:05:47, time: 1.697, data_time: 1.012, memory: 2298, top1_acc: 0.0167, top5_acc: 0.1000, loss_cls: 4.0926, loss: 4.0926, grad_norm: 1.1393
2022-04-05 20:38:18,686 - mmaction - INFO - Epoch [99][380/768]	lr: 1.000e-01, eta: 8:04:44, time: 1.656, data_time: 0.971, memory: 2298, top1_acc: 0.0000, top5_acc: 0.0667, loss_cls: 4.1098, loss: 4.1098, grad_norm: 1.0541
2022-04-05 20:38:50,003 - mmaction - INFO - Epoch [99][400/768]	lr: 1.000e-01, eta: 8:03:32, time: 1.566, data_time: 0.879, memory: 2298, top1_acc: 0.0333, top5_acc: 0.1000, loss_cls: 4.0389, loss: 4.0389, grad_norm: 1.3300
2022-04-05 20:39:23,670 - mmaction - INFO - Epoch [99][420/768]	lr: 1.000e-01, eta: 8:02:33, time: 1.683, data_time: 0.993, memory: 2298, top1_acc: 0.0500, top5_acc: 0.0833, loss_cls: 4.0262, loss: 4.0262, grad_norm: 1.3885
2022-04-05 20:39:55,762 - mmaction - INFO - Epoch [99][440/768]	lr: 1.000e-01, eta: 8:01:26, time: 1.605, data_time: 0.917, memory: 2298, top1_acc: 0.0167, top5_acc: 0.1167, loss_cls: 4.0026, loss: 4.0026, grad_norm: 1.1129
2022-04-05 20:40:30,421 - mmaction - INFO - Epoch [99][460/768]	lr: 1.000e-01, eta: 8:00:34, time: 1.733, data_time: 1.049, memory: 2298, top1_acc: 0.0167, top5_acc: 0.1000, loss_cls: 4.1561, loss: 4.1561, grad_norm: 1.1599
2022-04-05 20:41:04,708 - mmaction - INFO - Epoch [99][480/768]	lr: 1.000e-01, eta: 7:59:40, time: 1.714, data_time: 1.026, memory: 2298, top1_acc: 0.0333, top5_acc: 0.0667, loss_cls: 4.0609, loss: 4.0609, grad_norm: 1.1411
2022-04-05 20:41:37,635 - mmaction - INFO - Epoch [99][500/768]	lr: 1.000e-01, eta: 7:58:38, time: 1.646, data_time: 0.960, memory: 2298, top1_acc: 0.0000, top5_acc: 0.1667, loss_cls: 3.9208, loss: 3.9208, grad_norm: 1.3179
2022-04-05 20:42:10,661 - mmaction - INFO - Epoch [99][520/768]	lr: 1.000e-01, eta: 7:57:38, time: 1.651, data_time: 0.963, memory: 2298, top1_acc: 0.0167, top5_acc: 0.1000, loss_cls: 3.9702, loss: 3.9702, grad_norm: 1.4065
2022-04-05 20:42:42,850 - mmaction - INFO - Epoch [99][540/768]	lr: 1.000e-01, eta: 7:56:34, time: 1.609, data_time: 0.920, memory: 2298, top1_acc: 0.0333, top5_acc: 0.1500, loss_cls: 3.9455, loss: 3.9455, grad_norm: 1.7801
2022-04-05 20:43:16,771 - mmaction - INFO - Epoch [99][560/768]	lr: 1.000e-01, eta: 7:55:39, time: 1.696, data_time: 1.009, memory: 2298, top1_acc: 0.0000, top5_acc: 0.1333, loss_cls: 3.8886, loss: 3.8886, grad_norm: 1.6378
2022-04-05 20:43:50,621 - mmaction - INFO - Epoch [99][580/768]	lr: 1.000e-01, eta: 7:54:44, time: 1.692, data_time: 1.006, memory: 2298, top1_acc: 0.0167, top5_acc: 0.1000, loss_cls: 4.1781, loss: 4.1781, grad_norm: 1.5020
2022-04-05 20:44:24,394 - mmaction - INFO - Epoch [99][600/768]	lr: 1.000e-01, eta: 7:53:49, time: 1.689, data_time: 1.002, memory: 2298, top1_acc: 0.0333, top5_acc: 0.1167, loss_cls: 4.0242, loss: 4.0242, grad_norm: 1.3863
2022-04-05 20:44:58,003 - mmaction - INFO - Epoch [99][620/768]	lr: 1.000e-01, eta: 7:52:54, time: 1.680, data_time: 0.993, memory: 2298, top1_acc: 0.0167, top5_acc: 0.1333, loss_cls: 3.9168, loss: 3.9168, grad_norm: 1.3761
2022-04-05 20:45:32,217 - mmaction - INFO - Epoch [99][640/768]	lr: 1.000e-01, eta: 7:52:02, time: 1.711, data_time: 1.029, memory: 2298, top1_acc: 0.0167, top5_acc: 0.1333, loss_cls: 3.9749, loss: 3.9749, grad_norm: 1.2431
2022-04-05 20:46:04,059 - mmaction - INFO - Epoch [99][660/768]	lr: 1.000e-01, eta: 7:50:57, time: 1.592, data_time: 0.907, memory: 2298, top1_acc: 0.0167, top5_acc: 0.0667, loss_cls: 4.2767, loss: 4.2767, grad_norm: 1.4602
2022-04-05 20:46:39,029 - mmaction - INFO - Epoch [99][680/768]	lr: 1.000e-01, eta: 7:50:10, time: 1.748, data_time: 1.060, memory: 2298, top1_acc: 0.0167, top5_acc: 0.1167, loss_cls: 4.0579, loss: 4.0579, grad_norm: 1.5334
2022-04-05 20:47:11,986 - mmaction - INFO - Epoch [99][700/768]	lr: 1.000e-01, eta: 7:49:12, time: 1.648, data_time: 0.963, memory: 2298, top1_acc: 0.0500, top5_acc: 0.1500, loss_cls: 3.9478, loss: 3.9478, grad_norm: 1.5174
2022-04-05 20:47:46,503 - mmaction - INFO - Epoch [99][720/768]	lr: 1.000e-01, eta: 7:48:23, time: 1.726, data_time: 1.036, memory: 2298, top1_acc: 0.0333, top5_acc: 0.1667, loss_cls: 3.9065, loss: 3.9065, grad_norm: 1.2763
2022-04-05 20:48:19,112 - mmaction - INFO - Epoch [99][740/768]	lr: 1.000e-01, eta: 7:47:24, time: 1.630, data_time: 0.944, memory: 2298, top1_acc: 0.0333, top5_acc: 0.2000, loss_cls: 3.9331, loss: 3.9331, grad_norm: 1.3437
2022-04-05 20:48:51,724 - mmaction - INFO - Epoch [99][760/768]	lr: 1.000e-01, eta: 7:46:25, time: 1.631, data_time: 0.946, memory: 2298, top1_acc: 0.0833, top5_acc: 0.2000, loss_cls: 3.9843, loss: 3.9843, grad_norm: 1.2049
2022-04-05 20:49:05,042 - mmaction - INFO - Saving checkpoint at 99 epochs
2022-04-05 20:54:37,084 - mmaction - INFO - Epoch(val) [99][192]	top1_acc: 0.0312, top5_acc: 0.1458, loss_cls: 3.9358, loss: 3.9358
2022-04-05 20:55:17,117 - mmaction - INFO - Epoch [100][20/768]	lr: 1.000e-01, eta: 7:44:36, time: 2.000, data_time: 1.312, memory: 2298, top1_acc: 0.0167, top5_acc: 0.0833, loss_cls: 3.9344, loss: 3.9344, grad_norm: 1.2409
2022-04-05 20:55:51,579 - mmaction - INFO - Epoch [100][40/768]	lr: 1.000e-01, eta: 7:43:48, time: 1.723, data_time: 1.033, memory: 2298, top1_acc: 0.0167, top5_acc: 0.1667, loss_cls: 3.8837, loss: 3.8837, grad_norm: 1.1530
2022-04-05 20:56:23,585 - mmaction - INFO - Epoch [100][60/768]	lr: 1.000e-01, eta: 7:42:48, time: 1.600, data_time: 0.913, memory: 2298, top1_acc: 0.0167, top5_acc: 0.1333, loss_cls: 4.1042, loss: 4.1042, grad_norm: 1.4051
2022-04-05 20:56:57,604 - mmaction - INFO - Epoch [100][80/768]	lr: 1.000e-01, eta: 7:41:58, time: 1.701, data_time: 1.012, memory: 2298, top1_acc: 0.0333, top5_acc: 0.1833, loss_cls: 3.8223, loss: 3.8223, grad_norm: 1.4755
2022-04-05 20:57:29,095 - mmaction - INFO - Epoch [100][100/768]	lr: 1.000e-01, eta: 7:40:56, time: 1.574, data_time: 0.887, memory: 2298, top1_acc: 0.0333, top5_acc: 0.1167, loss_cls: 3.9967, loss: 3.9967, grad_norm: 1.3722
2022-04-05 20:58:02,540 - mmaction - INFO - Epoch [100][120/768]	lr: 1.000e-01, eta: 7:40:03, time: 1.672, data_time: 0.988, memory: 2298, top1_acc: 0.0500, top5_acc: 0.1667, loss_cls: 3.7412, loss: 3.7412, grad_norm: 1.3317
2022-04-05 20:58:35,444 - mmaction - INFO - Epoch [100][140/768]	lr: 1.000e-01, eta: 7:39:09, time: 1.645, data_time: 0.958, memory: 2298, top1_acc: 0.0500, top5_acc: 0.2000, loss_cls: 3.8410, loss: 3.8410, grad_norm: 1.5039
2022-04-05 20:59:08,259 - mmaction - INFO - Epoch [100][160/768]	lr: 1.000e-01, eta: 7:38:14, time: 1.641, data_time: 0.956, memory: 2298, top1_acc: 0.0167, top5_acc: 0.1333, loss_cls: 4.0399, loss: 4.0399, grad_norm: 1.2791
2022-04-05 20:59:41,532 - mmaction - INFO - Epoch [100][180/768]	lr: 1.000e-01, eta: 7:37:22, time: 1.664, data_time: 0.976, memory: 2298, top1_acc: 0.0667, top5_acc: 0.1667, loss_cls: 3.8273, loss: 3.8273, grad_norm: 1.1901
2022-04-05 21:00:13,774 - mmaction - INFO - Epoch [100][200/768]	lr: 1.000e-01, eta: 7:36:25, time: 1.612, data_time: 0.924, memory: 2298, top1_acc: 0.0167, top5_acc: 0.1000, loss_cls: 3.9691, loss: 3.9691, grad_norm: 1.3360
2022-04-05 21:00:44,613 - mmaction - INFO - Epoch [100][220/768]	lr: 1.000e-01, eta: 7:35:22, time: 1.542, data_time: 0.854, memory: 2298, top1_acc: 0.0333, top5_acc: 0.1167, loss_cls: 3.9105, loss: 3.9105, grad_norm: 1.6456
2022-04-05 21:01:19,498 - mmaction - INFO - Epoch [100][240/768]	lr: 1.000e-01, eta: 7:34:37, time: 1.744, data_time: 1.056, memory: 2298, top1_acc: 0.0333, top5_acc: 0.1500, loss_cls: 3.9875, loss: 3.9875, grad_norm: 1.3152
2022-04-05 21:01:52,946 - mmaction - INFO - Epoch [100][260/768]	lr: 1.000e-01, eta: 7:33:47, time: 1.672, data_time: 0.983, memory: 2298, top1_acc: 0.0000, top5_acc: 0.1000, loss_cls: 3.9569, loss: 3.9569, grad_norm: 1.2245
2022-04-05 21:02:27,704 - mmaction - INFO - Epoch [100][280/768]	lr: 1.000e-01, eta: 7:33:02, time: 1.738, data_time: 1.051, memory: 2298, top1_acc: 0.0333, top5_acc: 0.1167, loss_cls: 4.0418, loss: 4.0418, grad_norm: 1.1307
2022-04-05 21:03:01,132 - mmaction - INFO - Epoch [100][300/768]	lr: 1.000e-01, eta: 7:32:12, time: 1.671, data_time: 0.988, memory: 2298, top1_acc: 0.0167, top5_acc: 0.1000, loss_cls: 4.0268, loss: 4.0268, grad_norm: 1.4529
2022-04-05 21:03:34,916 - mmaction - INFO - Epoch [100][320/768]	lr: 1.000e-01, eta: 7:31:23, time: 1.689, data_time: 1.005, memory: 2298, top1_acc: 0.0500, top5_acc: 0.1333, loss_cls: 3.9842, loss: 3.9842, grad_norm: 1.1191
2022-04-05 21:04:08,231 - mmaction - INFO - Epoch [100][340/768]	lr: 1.000e-01, eta: 7:30:33, time: 1.666, data_time: 0.978, memory: 2298, top1_acc: 0.0167, top5_acc: 0.1333, loss_cls: 4.0760, loss: 4.0760, grad_norm: 1.3662
2022-04-05 21:04:41,315 - mmaction - INFO - Epoch [100][360/768]	lr: 1.000e-01, eta: 7:29:41, time: 1.654, data_time: 0.970, memory: 2298, top1_acc: 0.0333, top5_acc: 0.2333, loss_cls: 3.8161, loss: 3.8161, grad_norm: 1.2907
2022-04-05 21:05:14,402 - mmaction - INFO - Epoch [100][380/768]	lr: 1.000e-01, eta: 7:28:50, time: 1.654, data_time: 0.968, memory: 2298, top1_acc: 0.0000, top5_acc: 0.1000, loss_cls: 3.9754, loss: 3.9754, grad_norm: 1.3107
2022-04-05 21:05:47,135 - mmaction - INFO - Epoch [100][400/768]	lr: 1.000e-01, eta: 7:27:58, time: 1.637, data_time: 0.948, memory: 2298, top1_acc: 0.0000, top5_acc: 0.1833, loss_cls: 3.8131, loss: 3.8131, grad_norm: 1.2446
2022-04-05 21:06:19,528 - mmaction - INFO - Epoch [100][420/768]	lr: 1.000e-01, eta: 7:27:04, time: 1.620, data_time: 0.931, memory: 2298, top1_acc: 0.0167, top5_acc: 0.1500, loss_cls: 3.9935, loss: 3.9935, grad_norm: 1.0989
2022-04-05 21:06:53,126 - mmaction - INFO - Epoch [100][440/768]	lr: 1.000e-01, eta: 7:26:16, time: 1.680, data_time: 0.992, memory: 2298, top1_acc: 0.0167, top5_acc: 0.2167, loss_cls: 3.8104, loss: 3.8104, grad_norm: 1.1784
2022-04-05 21:07:26,176 - mmaction - INFO - Epoch [100][460/768]	lr: 1.000e-01, eta: 7:25:26, time: 1.653, data_time: 0.965, memory: 2298, top1_acc: 0.0500, top5_acc: 0.1667, loss_cls: 3.7692, loss: 3.7692, grad_norm: 1.2865
2022-04-05 21:07:58,864 - mmaction - INFO - Epoch [100][480/768]	lr: 1.000e-01, eta: 7:24:34, time: 1.634, data_time: 0.948, memory: 2298, top1_acc: 0.0167, top5_acc: 0.1333, loss_cls: 3.9118, loss: 3.9118, grad_norm: 1.4539
2022-04-05 21:08:33,443 - mmaction - INFO - Epoch [100][500/768]	lr: 1.000e-01, eta: 7:23:50, time: 1.729, data_time: 1.041, memory: 2298, top1_acc: 0.0333, top5_acc: 0.1333, loss_cls: 3.8728, loss: 3.8728, grad_norm: 1.1919
2022-04-05 21:09:06,921 - mmaction - INFO - Epoch [100][520/768]	lr: 1.000e-01, eta: 7:23:02, time: 1.674, data_time: 0.989, memory: 2298, top1_acc: 0.0167, top5_acc: 0.1500, loss_cls: 3.8559, loss: 3.8559, grad_norm: 1.0145
2022-04-05 21:09:40,216 - mmaction - INFO - Epoch [100][540/768]	lr: 1.000e-01, eta: 7:22:14, time: 1.665, data_time: 0.978, memory: 2298, top1_acc: 0.0167, top5_acc: 0.0833, loss_cls: 4.0052, loss: 4.0052, grad_norm: 1.2796
2022-04-05 21:10:14,925 - mmaction - INFO - Epoch [100][560/768]	lr: 1.000e-01, eta: 7:21:31, time: 1.735, data_time: 1.049, memory: 2298, top1_acc: 0.0333, top5_acc: 0.2000, loss_cls: 3.8639, loss: 3.8639, grad_norm: 1.0350
2022-04-05 21:10:48,820 - mmaction - INFO - Epoch [100][580/768]	lr: 1.000e-01, eta: 7:20:45, time: 1.695, data_time: 1.006, memory: 2298, top1_acc: 0.0833, top5_acc: 0.1500, loss_cls: 3.7967, loss: 3.7967, grad_norm: 1.1250
2022-04-05 21:11:21,331 - mmaction - INFO - Epoch [100][600/768]	lr: 1.000e-01, eta: 7:19:53, time: 1.625, data_time: 0.938, memory: 2298, top1_acc: 0.0167, top5_acc: 0.0833, loss_cls: 3.9491, loss: 3.9491, grad_norm: 1.4029
2022-04-05 21:11:55,152 - mmaction - INFO - Epoch [100][620/768]	lr: 1.000e-01, eta: 7:19:07, time: 1.691, data_time: 1.003, memory: 2298, top1_acc: 0.0667, top5_acc: 0.1500, loss_cls: 3.9487, loss: 3.9487, grad_norm: 1.2611
2022-04-05 21:12:30,447 - mmaction - INFO - Epoch [100][640/768]	lr: 1.000e-01, eta: 7:18:27, time: 1.765, data_time: 1.075, memory: 2298, top1_acc: 0.0333, top5_acc: 0.1167, loss_cls: 3.9475, loss: 3.9475, grad_norm: 1.1492
2022-04-05 21:13:05,243 - mmaction - INFO - Epoch [100][660/768]	lr: 1.000e-01, eta: 7:17:45, time: 1.740, data_time: 1.050, memory: 2298, top1_acc: 0.0333, top5_acc: 0.1333, loss_cls: 3.9135, loss: 3.9135, grad_norm: 1.2074
2022-04-05 21:13:38,683 - mmaction - INFO - Epoch [100][680/768]	lr: 1.000e-01, eta: 7:16:58, time: 1.672, data_time: 0.982, memory: 2298, top1_acc: 0.0500, top5_acc: 0.1167, loss_cls: 3.9622, loss: 3.9622, grad_norm: 1.5595
2022-04-05 21:14:12,248 - mmaction - INFO - Epoch [100][700/768]	lr: 1.000e-01, eta: 7:16:12, time: 1.678, data_time: 0.991, memory: 2298, top1_acc: 0.0167, top5_acc: 0.1667, loss_cls: 3.9604, loss: 3.9604, grad_norm: 1.5932
2022-04-05 21:14:46,544 - mmaction - INFO - Epoch [100][720/768]	lr: 1.000e-01, eta: 7:15:28, time: 1.715, data_time: 1.024, memory: 2298, top1_acc: 0.0500, top5_acc: 0.2167, loss_cls: 3.7791, loss: 3.7791, grad_norm: 1.4645
2022-04-05 21:15:21,026 - mmaction - INFO - Epoch [100][740/768]	lr: 1.000e-01, eta: 7:14:45, time: 1.724, data_time: 1.035, memory: 2298, top1_acc: 0.0667, top5_acc: 0.2167, loss_cls: 3.9013, loss: 3.9013, grad_norm: 1.6100
2022-04-05 21:15:56,432 - mmaction - INFO - Epoch [100][760/768]	lr: 1.000e-01, eta: 7:14:06, time: 1.770, data_time: 1.081, memory: 2298, top1_acc: 0.0167, top5_acc: 0.1333, loss_cls: 4.0224, loss: 4.0224, grad_norm: 1.6901
2022-04-05 21:16:09,720 - mmaction - INFO - Saving checkpoint at 100 epochs
2022-04-05 21:21:46,910 - mmaction - INFO - Epoch(val) [100][192]	top1_acc: 0.0260, top5_acc: 0.1528, loss_cls: 3.9103, loss: 3.9103
2022-04-05 21:22:29,014 - mmaction - INFO - Epoch [101][20/768]	lr: 1.000e-01, eta: 7:12:43, time: 2.104, data_time: 1.415, memory: 2298, top1_acc: 0.0333, top5_acc: 0.0500, loss_cls: 4.1555, loss: 4.1555, grad_norm: 1.3290
2022-04-05 21:23:03,534 - mmaction - INFO - Epoch [101][40/768]	lr: 1.000e-01, eta: 7:12:01, time: 1.726, data_time: 1.039, memory: 2298, top1_acc: 0.0500, top5_acc: 0.1667, loss_cls: 3.8739, loss: 3.8739, grad_norm: 1.3173
2022-04-05 21:23:37,355 - mmaction - INFO - Epoch [101][60/768]	lr: 1.000e-01, eta: 7:11:16, time: 1.691, data_time: 1.000, memory: 2298, top1_acc: 0.0000, top5_acc: 0.1333, loss_cls: 3.8891, loss: 3.8891, grad_norm: 1.4137
2022-04-05 21:24:12,044 - mmaction - INFO - Epoch [101][80/768]	lr: 1.000e-01, eta: 7:10:35, time: 1.735, data_time: 1.044, memory: 2298, top1_acc: 0.0333, top5_acc: 0.1333, loss_cls: 3.9537, loss: 3.9537, grad_norm: 1.1426
2022-04-05 21:24:46,245 - mmaction - INFO - Epoch [101][100/768]	lr: 1.000e-01, eta: 7:09:52, time: 1.710, data_time: 1.019, memory: 2298, top1_acc: 0.0333, top5_acc: 0.2833, loss_cls: 3.7637, loss: 3.7637, grad_norm: 1.1504
2022-04-05 21:25:19,873 - mmaction - INFO - Epoch [101][120/768]	lr: 1.000e-01, eta: 7:09:07, time: 1.682, data_time: 0.992, memory: 2298, top1_acc: 0.0500, top5_acc: 0.1833, loss_cls: 3.9400, loss: 3.9400, grad_norm: 1.2206
2022-04-05 21:25:53,139 - mmaction - INFO - Epoch [101][140/768]	lr: 1.000e-01, eta: 7:08:20, time: 1.663, data_time: 0.975, memory: 2298, top1_acc: 0.0000, top5_acc: 0.1500, loss_cls: 3.9913, loss: 3.9913, grad_norm: 1.3937
2022-04-05 21:26:28,049 - mmaction - INFO - Epoch [101][160/768]	lr: 1.000e-01, eta: 7:07:40, time: 1.745, data_time: 1.058, memory: 2298, top1_acc: 0.0167, top5_acc: 0.1167, loss_cls: 3.8755, loss: 3.8755, grad_norm: 1.0773
2022-04-05 21:27:02,865 - mmaction - INFO - Epoch [101][180/768]	lr: 1.000e-01, eta: 7:07:00, time: 1.741, data_time: 1.051, memory: 2298, top1_acc: 0.0000, top5_acc: 0.0667, loss_cls: 3.9904, loss: 3.9904, grad_norm: 1.1426
2022-04-05 21:27:34,929 - mmaction - INFO - Epoch [101][200/768]	lr: 1.000e-01, eta: 7:06:09, time: 1.603, data_time: 0.914, memory: 2298, top1_acc: 0.0167, top5_acc: 0.0667, loss_cls: 3.9178, loss: 3.9178, grad_norm: 1.3720
2022-04-05 21:28:07,861 - mmaction - INFO - Epoch [101][220/768]	lr: 1.000e-01, eta: 7:05:22, time: 1.647, data_time: 0.957, memory: 2298, top1_acc: 0.0333, top5_acc: 0.1333, loss_cls: 3.8399, loss: 3.8399, grad_norm: 1.3458
2022-04-05 21:28:42,123 - mmaction - INFO - Epoch [101][240/768]	lr: 1.000e-01, eta: 7:04:40, time: 1.713, data_time: 1.024, memory: 2298, top1_acc: 0.0333, top5_acc: 0.1667, loss_cls: 3.9631, loss: 3.9631, grad_norm: 1.6514
2022-04-05 21:29:16,514 - mmaction - INFO - Epoch [101][260/768]	lr: 1.000e-01, eta: 7:03:58, time: 1.720, data_time: 1.034, memory: 2298, top1_acc: 0.0333, top5_acc: 0.0667, loss_cls: 3.9058, loss: 3.9058, grad_norm: 1.3511
2022-04-05 21:29:50,778 - mmaction - INFO - Epoch [101][280/768]	lr: 1.000e-01, eta: 7:03:16, time: 1.713, data_time: 1.026, memory: 2298, top1_acc: 0.0333, top5_acc: 0.0833, loss_cls: 3.9404, loss: 3.9404, grad_norm: 1.0943
2022-04-05 21:30:25,273 - mmaction - INFO - Epoch [101][300/768]	lr: 1.000e-01, eta: 7:02:35, time: 1.725, data_time: 1.035, memory: 2298, top1_acc: 0.0000, top5_acc: 0.0667, loss_cls: 3.9406, loss: 3.9406, grad_norm: 1.1829
2022-04-05 21:31:00,914 - mmaction - INFO - Epoch [101][320/768]	lr: 1.000e-01, eta: 7:01:58, time: 1.782, data_time: 1.092, memory: 2298, top1_acc: 0.0500, top5_acc: 0.2167, loss_cls: 3.7535, loss: 3.7535, grad_norm: 1.3626
2022-04-05 21:31:34,620 - mmaction - INFO - Epoch [101][340/768]	lr: 1.000e-01, eta: 7:01:14, time: 1.685, data_time: 0.996, memory: 2298, top1_acc: 0.0000, top5_acc: 0.0833, loss_cls: 3.9293, loss: 3.9293, grad_norm: 1.1601
2022-04-05 21:32:08,147 - mmaction - INFO - Epoch [101][360/768]	lr: 1.000e-01, eta: 7:00:30, time: 1.676, data_time: 0.989, memory: 2298, top1_acc: 0.0000, top5_acc: 0.0333, loss_cls: 3.8318, loss: 3.8318, grad_norm: 1.1653
2022-04-05 21:32:41,544 - mmaction - INFO - Epoch [101][380/768]	lr: 1.000e-01, eta: 6:59:45, time: 1.670, data_time: 0.980, memory: 2298, top1_acc: 0.1000, top5_acc: 0.2500, loss_cls: 3.7283, loss: 3.7283, grad_norm: 1.1498
2022-04-05 21:33:16,466 - mmaction - INFO - Epoch [101][400/768]	lr: 1.000e-01, eta: 6:59:06, time: 1.746, data_time: 1.055, memory: 2298, top1_acc: 0.0167, top5_acc: 0.2333, loss_cls: 3.9233, loss: 3.9233, grad_norm: 0.9867
2022-04-05 21:33:49,359 - mmaction - INFO - Epoch [101][420/768]	lr: 1.000e-01, eta: 6:58:20, time: 1.644, data_time: 0.958, memory: 2298, top1_acc: 0.0000, top5_acc: 0.1167, loss_cls: 3.8414, loss: 3.8414, grad_norm: 0.9790
2022-04-05 21:34:24,920 - mmaction - INFO - Epoch [101][440/768]	lr: 1.000e-01, eta: 6:57:42, time: 1.778, data_time: 1.088, memory: 2298, top1_acc: 0.0333, top5_acc: 0.1500, loss_cls: 3.8035, loss: 3.8035, grad_norm: 1.0416
2022-04-05 21:34:57,673 - mmaction - INFO - Epoch [101][460/768]	lr: 1.000e-01, eta: 6:56:56, time: 1.638, data_time: 0.951, memory: 2298, top1_acc: 0.0167, top5_acc: 0.1667, loss_cls: 3.9634, loss: 3.9634, grad_norm: 1.2531
2022-04-05 21:35:31,757 - mmaction - INFO - Epoch [101][480/768]	lr: 1.000e-01, eta: 6:56:14, time: 1.704, data_time: 1.016, memory: 2298, top1_acc: 0.0167, top5_acc: 0.1333, loss_cls: 3.7632, loss: 3.7632, grad_norm: 1.1057
2022-04-05 21:36:07,071 - mmaction - INFO - Epoch [101][500/768]	lr: 1.000e-01, eta: 6:55:36, time: 1.766, data_time: 1.079, memory: 2298, top1_acc: 0.0333, top5_acc: 0.1167, loss_cls: 3.8729, loss: 3.8729, grad_norm: 0.9852
2022-04-05 21:36:40,850 - mmaction - INFO - Epoch [101][520/768]	lr: 1.000e-01, eta: 6:54:53, time: 1.689, data_time: 1.005, memory: 2298, top1_acc: 0.0000, top5_acc: 0.2000, loss_cls: 3.7844, loss: 3.7844, grad_norm: 0.9570
2022-04-05 21:37:12,556 - mmaction - INFO - Epoch [101][540/768]	lr: 1.000e-01, eta: 6:54:04, time: 1.585, data_time: 0.896, memory: 2298, top1_acc: 0.0333, top5_acc: 0.2000, loss_cls: 3.7867, loss: 3.7867, grad_norm: 1.0866
2022-04-05 21:37:47,602 - mmaction - INFO - Epoch [101][560/768]	lr: 1.000e-01, eta: 6:53:26, time: 1.752, data_time: 1.063, memory: 2298, top1_acc: 0.0333, top5_acc: 0.1500, loss_cls: 3.8542, loss: 3.8542, grad_norm: 1.0039
2022-04-05 21:38:20,136 - mmaction - INFO - Epoch [101][580/768]	lr: 1.000e-01, eta: 6:52:39, time: 1.627, data_time: 0.940, memory: 2298, top1_acc: 0.0167, top5_acc: 0.1167, loss_cls: 3.7771, loss: 3.7771, grad_norm: 0.9417
2022-04-05 21:38:53,288 - mmaction - INFO - Epoch [101][600/768]	lr: 1.000e-01, eta: 6:51:55, time: 1.658, data_time: 0.970, memory: 2298, top1_acc: 0.0333, top5_acc: 0.1167, loss_cls: 3.7478, loss: 3.7478, grad_norm: 1.0764
2022-04-05 21:39:26,953 - mmaction - INFO - Epoch [101][620/768]	lr: 1.000e-01, eta: 6:51:12, time: 1.684, data_time: 0.997, memory: 2298, top1_acc: 0.0000, top5_acc: 0.1167, loss_cls: 3.8830, loss: 3.8830, grad_norm: 0.9917
2022-04-05 21:40:01,115 - mmaction - INFO - Epoch [101][640/768]	lr: 1.000e-01, eta: 6:50:31, time: 1.708, data_time: 1.020, memory: 2298, top1_acc: 0.0000, top5_acc: 0.0833, loss_cls: 3.8009, loss: 3.8009, grad_norm: 1.0759
2022-04-05 21:40:36,114 - mmaction - INFO - Epoch [101][660/768]	lr: 1.000e-01, eta: 6:49:53, time: 1.750, data_time: 1.060, memory: 2298, top1_acc: 0.0000, top5_acc: 0.1000, loss_cls: 3.9813, loss: 3.9813, grad_norm: 0.9975
2022-04-05 21:41:11,482 - mmaction - INFO - Epoch [101][680/768]	lr: 1.000e-01, eta: 6:49:15, time: 1.768, data_time: 1.081, memory: 2298, top1_acc: 0.0167, top5_acc: 0.1833, loss_cls: 3.7751, loss: 3.7751, grad_norm: 1.0212
2022-04-05 21:41:45,929 - mmaction - INFO - Epoch [101][700/768]	lr: 1.000e-01, eta: 6:48:35, time: 1.722, data_time: 1.039, memory: 2298, top1_acc: 0.0167, top5_acc: 0.0667, loss_cls: 3.8974, loss: 3.8974, grad_norm: 1.0535
2022-04-05 21:42:19,943 - mmaction - INFO - Epoch [101][720/768]	lr: 1.000e-01, eta: 6:47:54, time: 1.701, data_time: 1.013, memory: 2298, top1_acc: 0.0167, top5_acc: 0.0667, loss_cls: 3.9072, loss: 3.9072, grad_norm: 0.9631
2022-04-05 21:42:52,510 - mmaction - INFO - Epoch [101][740/768]	lr: 1.000e-01, eta: 6:47:08, time: 1.628, data_time: 0.938, memory: 2298, top1_acc: 0.0167, top5_acc: 0.1333, loss_cls: 3.7754, loss: 3.7754, grad_norm: 0.9255
2022-04-05 21:43:26,370 - mmaction - INFO - Epoch [101][760/768]	lr: 1.000e-01, eta: 6:46:27, time: 1.693, data_time: 1.003, memory: 2298, top1_acc: 0.0167, top5_acc: 0.0833, loss_cls: 3.7961, loss: 3.7961, grad_norm: 1.1523
2022-04-05 21:43:40,574 - mmaction - INFO - Saving checkpoint at 101 epochs
2022-04-05 21:49:18,068 - mmaction - INFO - Epoch(val) [101][192]	top1_acc: 0.0312, top5_acc: 0.1562, loss_cls: 3.6897, loss: 3.6897
2022-04-05 21:50:00,599 - mmaction - INFO - Epoch [102][20/768]	lr: 1.000e-01, eta: 6:45:14, time: 2.126, data_time: 1.441, memory: 2298, top1_acc: 0.0167, top5_acc: 0.1000, loss_cls: 3.7490, loss: 3.7490, grad_norm: 0.9469
2022-04-05 21:50:34,841 - mmaction - INFO - Epoch [102][40/768]	lr: 1.000e-01, eta: 6:44:34, time: 1.712, data_time: 1.023, memory: 2298, top1_acc: 0.0333, top5_acc: 0.2000, loss_cls: 3.7149, loss: 3.7149, grad_norm: 0.9966
2022-04-05 21:51:08,574 - mmaction - INFO - Epoch [102][60/768]	lr: 1.000e-01, eta: 6:43:52, time: 1.687, data_time: 1.001, memory: 2298, top1_acc: 0.0000, top5_acc: 0.0833, loss_cls: 3.8769, loss: 3.8769, grad_norm: 0.9483
2022-04-05 21:51:41,141 - mmaction - INFO - Epoch [102][80/768]	lr: 1.000e-01, eta: 6:43:07, time: 1.628, data_time: 0.938, memory: 2298, top1_acc: 0.0333, top5_acc: 0.0833, loss_cls: 3.8142, loss: 3.8142, grad_norm: 0.8852
2022-04-05 21:52:14,640 - mmaction - INFO - Epoch [102][100/768]	lr: 1.000e-01, eta: 6:42:25, time: 1.675, data_time: 0.986, memory: 2298, top1_acc: 0.0167, top5_acc: 0.1333, loss_cls: 3.7807, loss: 3.7807, grad_norm: 1.1996
2022-04-05 21:52:49,213 - mmaction - INFO - Epoch [102][120/768]	lr: 1.000e-01, eta: 6:41:46, time: 1.729, data_time: 1.039, memory: 2298, top1_acc: 0.0333, top5_acc: 0.1167, loss_cls: 3.8466, loss: 3.8466, grad_norm: 1.2828
2022-04-05 21:53:22,065 - mmaction - INFO - Epoch [102][140/768]	lr: 1.000e-01, eta: 6:41:02, time: 1.642, data_time: 0.955, memory: 2298, top1_acc: 0.0000, top5_acc: 0.1167, loss_cls: 3.8539, loss: 3.8539, grad_norm: 1.1391
2022-04-05 21:53:56,855 - mmaction - INFO - Epoch [102][160/768]	lr: 1.000e-01, eta: 6:40:24, time: 1.740, data_time: 1.055, memory: 2298, top1_acc: 0.0000, top5_acc: 0.1000, loss_cls: 3.9586, loss: 3.9586, grad_norm: 1.1551
2022-04-05 21:54:31,796 - mmaction - INFO - Epoch [102][180/768]	lr: 1.000e-01, eta: 6:39:46, time: 1.747, data_time: 1.061, memory: 2298, top1_acc: 0.0167, top5_acc: 0.0667, loss_cls: 3.8355, loss: 3.8355, grad_norm: 1.0679
2022-04-05 21:55:06,739 - mmaction - INFO - Epoch [102][200/768]	lr: 1.000e-01, eta: 6:39:08, time: 1.747, data_time: 1.058, memory: 2298, top1_acc: 0.0167, top5_acc: 0.1833, loss_cls: 3.7741, loss: 3.7741, grad_norm: 0.9091
2022-04-05 21:55:40,695 - mmaction - INFO - Epoch [102][220/768]	lr: 1.000e-01, eta: 6:38:27, time: 1.698, data_time: 1.006, memory: 2298, top1_acc: 0.0500, top5_acc: 0.1500, loss_cls: 3.8002, loss: 3.8002, grad_norm: 1.1144
2022-04-05 21:56:14,212 - mmaction - INFO - Epoch [102][240/768]	lr: 1.000e-01, eta: 6:37:46, time: 1.676, data_time: 0.987, memory: 2298, top1_acc: 0.0500, top5_acc: 0.1333, loss_cls: 3.7684, loss: 3.7684, grad_norm: 1.1846
2022-04-05 21:56:48,091 - mmaction - INFO - Epoch [102][260/768]	lr: 1.000e-01, eta: 6:37:05, time: 1.694, data_time: 1.009, memory: 2298, top1_acc: 0.0000, top5_acc: 0.0833, loss_cls: 3.9393, loss: 3.9393, grad_norm: 1.3304
2022-04-05 21:57:21,346 - mmaction - INFO - Epoch [102][280/768]	lr: 1.000e-01, eta: 6:36:23, time: 1.663, data_time: 0.977, memory: 2298, top1_acc: 0.0500, top5_acc: 0.1500, loss_cls: 3.6495, loss: 3.6495, grad_norm: 1.1402
2022-04-05 21:57:54,783 - mmaction - INFO - Epoch [102][300/768]	lr: 1.000e-01, eta: 6:35:41, time: 1.672, data_time: 0.987, memory: 2298, top1_acc: 0.0333, top5_acc: 0.1833, loss_cls: 3.8023, loss: 3.8023, grad_norm: 1.0635
2022-04-05 21:58:28,412 - mmaction - INFO - Epoch [102][320/768]	lr: 1.000e-01, eta: 6:35:00, time: 1.681, data_time: 0.992, memory: 2298, top1_acc: 0.0167, top5_acc: 0.1500, loss_cls: 3.7227, loss: 3.7227, grad_norm: 1.0816
2022-04-05 21:59:01,483 - mmaction - INFO - Epoch [102][340/768]	lr: 1.000e-01, eta: 6:34:17, time: 1.654, data_time: 0.965, memory: 2298, top1_acc: 0.0500, top5_acc: 0.1667, loss_cls: 3.7917, loss: 3.7917, grad_norm: 1.0108
2022-04-05 21:59:36,183 - mmaction - INFO - Epoch [102][360/768]	lr: 1.000e-01, eta: 6:33:39, time: 1.735, data_time: 1.048, memory: 2298, top1_acc: 0.0500, top5_acc: 0.2000, loss_cls: 3.6696, loss: 3.6696, grad_norm: 0.9298
2022-04-05 22:00:09,934 - mmaction - INFO - Epoch [102][380/768]	lr: 1.000e-01, eta: 6:32:58, time: 1.687, data_time: 1.000, memory: 2298, top1_acc: 0.0500, top5_acc: 0.1667, loss_cls: 3.7321, loss: 3.7321, grad_norm: 1.0132
2022-04-05 22:00:43,698 - mmaction - INFO - Epoch [102][400/768]	lr: 1.000e-01, eta: 6:32:18, time: 1.688, data_time: 1.000, memory: 2298, top1_acc: 0.0333, top5_acc: 0.1500, loss_cls: 3.7492, loss: 3.7492, grad_norm: 0.9274
2022-04-05 22:01:16,448 - mmaction - INFO - Epoch [102][420/768]	lr: 1.000e-01, eta: 6:31:34, time: 1.638, data_time: 0.948, memory: 2298, top1_acc: 0.0500, top5_acc: 0.2000, loss_cls: 3.6520, loss: 3.6520, grad_norm: 1.7264
2022-04-05 22:01:49,053 - mmaction - INFO - Epoch [102][440/768]	lr: 1.000e-01, eta: 6:30:51, time: 1.630, data_time: 0.942, memory: 2298, top1_acc: 0.0333, top5_acc: 0.1667, loss_cls: 3.8601, loss: 3.8601, grad_norm: 1.4784
2022-04-05 22:02:23,580 - mmaction - INFO - Epoch [102][460/768]	lr: 1.000e-01, eta: 6:30:12, time: 1.726, data_time: 1.041, memory: 2298, top1_acc: 0.0333, top5_acc: 0.1500, loss_cls: 3.9167, loss: 3.9167, grad_norm: 1.2692
2022-04-05 22:02:57,328 - mmaction - INFO - Epoch [102][480/768]	lr: 1.000e-01, eta: 6:29:32, time: 1.687, data_time: 1.002, memory: 2298, top1_acc: 0.0000, top5_acc: 0.1167, loss_cls: 4.0136, loss: 4.0136, grad_norm: 1.4510
2022-04-05 22:03:31,342 - mmaction - INFO - Epoch [102][500/768]	lr: 1.000e-01, eta: 6:28:52, time: 1.701, data_time: 1.012, memory: 2298, top1_acc: 0.0167, top5_acc: 0.1667, loss_cls: 3.8106, loss: 3.8106, grad_norm: 1.0531
2022-04-05 22:04:04,303 - mmaction - INFO - Epoch [102][520/768]	lr: 1.000e-01, eta: 6:28:10, time: 1.648, data_time: 0.960, memory: 2298, top1_acc: 0.0500, top5_acc: 0.1500, loss_cls: 3.8590, loss: 3.8590, grad_norm: 1.0526
2022-04-05 22:04:37,740 - mmaction - INFO - Epoch [102][540/768]	lr: 1.000e-01, eta: 6:27:29, time: 1.672, data_time: 0.984, memory: 2298, top1_acc: 0.0167, top5_acc: 0.1333, loss_cls: 3.6825, loss: 3.6825, grad_norm: 0.9716
2022-04-05 22:05:12,041 - mmaction - INFO - Epoch [102][560/768]	lr: 1.000e-01, eta: 6:26:50, time: 1.715, data_time: 1.029, memory: 2298, top1_acc: 0.0333, top5_acc: 0.1167, loss_cls: 3.8487, loss: 3.8487, grad_norm: 0.9693
2022-04-05 22:05:50,202 - mmaction - INFO - Epoch [102][580/768]	lr: 1.000e-01, eta: 6:26:21, time: 1.908, data_time: 1.219, memory: 2298, top1_acc: 0.0000, top5_acc: 0.0667, loss_cls: 3.9862, loss: 3.9862, grad_norm: 0.9717
2022-04-05 22:06:26,232 - mmaction - INFO - Epoch [102][600/768]	lr: 1.000e-01, eta: 6:25:47, time: 1.801, data_time: 1.114, memory: 2298, top1_acc: 0.0500, top5_acc: 0.1833, loss_cls: 3.8550, loss: 3.8550, grad_norm: 1.0701
2022-04-05 22:06:59,610 - mmaction - INFO - Epoch [102][620/768]	lr: 1.000e-01, eta: 6:25:06, time: 1.669, data_time: 0.983, memory: 2298, top1_acc: 0.0167, top5_acc: 0.2167, loss_cls: 3.6900, loss: 3.6900, grad_norm: 1.4428
2022-04-05 22:07:34,424 - mmaction - INFO - Epoch [102][640/768]	lr: 1.000e-01, eta: 6:24:28, time: 1.741, data_time: 1.054, memory: 2298, top1_acc: 0.0500, top5_acc: 0.1500, loss_cls: 3.8198, loss: 3.8198, grad_norm: 1.0853
2022-04-05 22:08:09,263 - mmaction - INFO - Epoch [102][660/768]	lr: 1.000e-01, eta: 6:23:51, time: 1.742, data_time: 1.050, memory: 2298, top1_acc: 0.0500, top5_acc: 0.1833, loss_cls: 3.7757, loss: 3.7757, grad_norm: 0.9458
2022-04-05 22:08:43,217 - mmaction - INFO - Epoch [102][680/768]	lr: 1.000e-01, eta: 6:23:11, time: 1.698, data_time: 1.010, memory: 2298, top1_acc: 0.0333, top5_acc: 0.1833, loss_cls: 3.9248, loss: 3.9248, grad_norm: 1.0717
2022-04-05 22:09:23,869 - mmaction - INFO - Epoch [102][700/768]	lr: 1.000e-01, eta: 6:22:48, time: 2.033, data_time: 1.292, memory: 2298, top1_acc: 0.0000, top5_acc: 0.1667, loss_cls: 3.7220, loss: 3.7220, grad_norm: 0.9161
2022-04-05 22:10:32,231 - mmaction - INFO - Epoch [102][720/768]	lr: 1.000e-01, eta: 6:23:32, time: 3.418, data_time: 2.531, memory: 2298, top1_acc: 0.0167, top5_acc: 0.1167, loss_cls: 3.8713, loss: 3.8713, grad_norm: 0.9530
2022-04-05 22:11:43,130 - mmaction - INFO - Epoch [102][740/768]	lr: 1.000e-01, eta: 6:24:21, time: 3.545, data_time: 2.582, memory: 2298, top1_acc: 0.0333, top5_acc: 0.1667, loss_cls: 3.8689, loss: 3.8689, grad_norm: 1.5045
2022-04-05 22:12:56,641 - mmaction - INFO - Epoch [102][760/768]	lr: 1.000e-01, eta: 6:25:15, time: 3.676, data_time: 2.733, memory: 2298, top1_acc: 0.0500, top5_acc: 0.1833, loss_cls: 3.7429, loss: 3.7429, grad_norm: 1.0704
2022-04-05 22:13:25,967 - mmaction - INFO - Saving checkpoint at 102 epochs
2022-04-05 22:24:47,806 - mmaction - INFO - Epoch(val) [102][192]	top1_acc: 0.0365, top5_acc: 0.1545, loss_cls: 3.7275, loss: 3.7275
2022-04-05 22:25:51,165 - mmaction - INFO - Epoch [103][20/768]	lr: 1.000e-01, eta: 6:24:56, time: 3.168, data_time: 2.312, memory: 2298, top1_acc: 0.0167, top5_acc: 0.0667, loss_cls: 3.8017, loss: 3.8017, grad_norm: 1.1055
